Using pre-set license
Built from 'trunk' branch; Version is '2020.2.0b2 (90b2443a8df1) revision 9482820'; Using compiler version '192528614'; Build Type 'Release'
OS: 'Windows 10  (10.0.0) 64bit' Language: 'ru' Physical Memory: 8092 MB
BatchMode: 1, IsHumanControllingUs: 0, StartBugReporterOnCrash: 0, Is64bit: 1, IsPro: 0

 COMMAND LINE ARGUMENTS:
D:\Unity\2020.2.0b2\Editor\Unity.exe
-adb2
-batchMode
-noUpm
-name
AssetImportWorker3
-projectPath
D:/UnityProjects/Codename_connect
-logFile
Logs/AssetImportWorker3.log
-srvPort
57154
Successfully changed project path to: D:/UnityProjects/Codename_connect
D:/UnityProjects/Codename_connect
Using Asset Import Pipeline V2.
Refreshing native plugins compatible for Editor in 1245.24 ms, found 1 plugins.
Preloading 0 native plugins for Editor in 0.00 ms.
Initialize engine version: 2020.2.0b2 (90b2443a8df1)
[Subsystems] Discovering subsystems at path D:/Unity/2020.2.0b2/Editor/Data/Resources/UnitySubsystems
[Subsystems] Discovering subsystems at path D:/UnityProjects/Codename_connect/Assets
GfxDevice: creating device client; threaded=0
Direct3D:
    Version:  Direct3D 11.0 [level 11.1]
    Renderer: NVIDIA GeForce GTX 1050 (ID=0x1c81)
    Vendor:   
    VRAM:     1977 MB
    Driver:   27.21.14.5638
Shader 'Universal Render Pipeline/Particles/Lit': fallback shader 'Universal Render Pipeline/Particles/SimpleLit' not found
Initialize mono
Mono path[0] = 'D:/Unity/2020.2.0b2/Editor/Data/Managed'
Mono path[1] = 'D:/Unity/2020.2.0b2/Editor/Data/MonoBleedingEdge/lib/mono/unityjit'
Mono config path = 'D:/Unity/2020.2.0b2/Editor/Data/MonoBleedingEdge/etc'
Using monoOptions --debugger-agent=transport=dt_socket,embedding=1,server=y,suspend=n,address=127.0.0.1:56604
Begin MonoManager ReloadAssembly
Registering precompiled unity dll's ...
Register platform support module: D:/Unity/2020.2.0b2/Editor/Data/PlaybackEngines/WindowsStandaloneSupport/UnityEditor.WindowsStandalone.Extensions.dll
Registered in 0.001614 seconds.
Native extension for WindowsStandalone target not found
Refreshing native plugins compatible for Editor in 290.65 ms, found 1 plugins.
Preloading 0 native plugins for Editor in 0.00 ms.
Invoked RoslynAnalysisRunner static constructor.
RoslynAnalysisRunner will not be running.
RoslynAnalysisRunner has terminated.
Mono: successfully reloaded assembly
- Completed reload, in  5.618 seconds
Registering precompiled user dll's ...
Registered in 0.167682 seconds.
Platform modules already initialized, skipping
Begin MonoManager ReloadAssembly
Symbol file LoadedFromMemory doesn't match image D:\UnityProjects\Codename_connect\Library\PackageCache\com.unity.ext.nunit@1.0.0\net35\unity-custom\nunit.framework.dll
Native extension for WindowsStandalone target not found
Refreshing native plugins compatible for Editor in 184.71 ms, found 1 plugins.
Preloading 0 native plugins for Editor in 0.00 ms.
Invoked RoslynAnalysisRunner static constructor.
RoslynAnalysisRunner will not be running.
RoslynAnalysisRunner has terminated.
Mono: successfully reloaded assembly
- Completed reload, in 10.413 seconds
Platform modules already initialized, skipping
========================================================================
Worker process is ready to serve import requests
Shader 'Universal Render Pipeline/Particles/Lit': fallback shader 'Universal Render Pipeline/Particles/SimpleLit' not found
Launched and connected shader compiler UnityShaderCompiler.exe after 0.06 seconds
Refreshing native plugins compatible for Editor in 2.06 ms, found 1 plugins.
Preloading 0 native plugins for Editor in 0.00 ms.
Unloading 2760 Unused Serialized files (Serialized files now loaded: 0)
System memory in use before: 122.6 MB.
System memory in use after: 122.7 MB.

Unloading 13 unused Assets to reduce memory usage. Loaded Objects now: 3198.
Total: 10.559503 ms (FindLiveObjects: 1.431323 ms CreateObjectMapping: 0.541489 ms MarkObjects: 3.114884 ms  DeleteObjects: 5.467764 ms)

========================================================================
Received Import Request.
  path: Assets/Scripts/Client/Helpers/GeneralManager.cs
  artifactKey: Guid(323af4e170fe51546825a727ccf092de) Importer(815301076,1909f56bfc062723c751e8b465ee728b)
Start importing Assets/Scripts/Client/Helpers/GeneralManager.cs using Guid(323af4e170fe51546825a727ccf092de) Importer(815301076,1909f56bfc062723c751e8b465ee728b)  -> (artifact id: '813784e70c6c5849200c42ce0c67ac20') in 0.235729 seconds
  Import took 1.878641 seconds .

========================================================================
Received Import Request.
  Time since last request: 3247.580526 seconds.
  path: Assets/Scripts/Client/Helpers/BuildingPlacer.cs
  artifactKey: Guid(e59b871fc341403478a249b88ebb08b9) Importer(815301076,1909f56bfc062723c751e8b465ee728b)
Start importing Assets/Scripts/Client/Helpers/BuildingPlacer.cs using Guid(e59b871fc341403478a249b88ebb08b9) Importer(815301076,1909f56bfc062723c751e8b465ee728b)  -> (artifact id: '011110a602cf675d0daa2624dd0890ff') in 0.012086 seconds
  Import took 0.116204 seconds .

========================================================================
Received Import Request.
  Time since last request: 0.000263 seconds.
  path: Assets/Scripts/Client/Helpers/GeneralManager.cs
  artifactKey: Guid(323af4e170fe51546825a727ccf092de) Importer(815301076,1909f56bfc062723c751e8b465ee728b)
Start importing Assets/Scripts/Client/Helpers/GeneralManager.cs using Guid(323af4e170fe51546825a727ccf092de) Importer(815301076,1909f56bfc062723c751e8b465ee728b)  -> (artifact id: '13939860b2fd95ed0cc949784513607f') in 0.031508 seconds
  Import took 0.068179 seconds .

========================================================================
Received Import Request.
  Time since last request: 0.000291 seconds.
  path: Assets/Scripts/Client/Helpers/TilemapDrawer.cs
  artifactKey: Guid(26875ae7f114a8c4796f160598882a42) Importer(815301076,1909f56bfc062723c751e8b465ee728b)
Start importing Assets/Scripts/Client/Helpers/TilemapDrawer.cs using Guid(26875ae7f114a8c4796f160598882a42) Importer(815301076,1909f56bfc062723c751e8b465ee728b)  -> (artifact id: 'd9d821c1d9183d167285685ef492d024') in 0.057216 seconds
  Import took 0.107795 seconds .

========================================================================
Received Prepare
Reloading mono domain
Begin MonoManager ReloadAssembly
Registering precompiled unity dll's ...
Register platform support module: D:/Unity/2020.2.0b2/Editor/Data/PlaybackEngines/WindowsStandaloneSupport/UnityEditor.WindowsStandalone.Extensions.dll
Registered in 0.000781 seconds.
Symbol file LoadedFromMemory doesn't match image D:\UnityProjects\Codename_connect\Library\PackageCache\com.unity.ext.nunit@1.0.0\net35\unity-custom\nunit.framework.dll
Native extension for WindowsStandalone target not found
Refreshing native plugins compatible for Editor in 78.27 ms, found 1 plugins.
Preloading 0 native plugins for Editor in 0.00 ms.
Invoked RoslynAnalysisRunner static constructor.
RoslynAnalysisRunner will not be running.
RoslynAnalysisRunner has terminated.
Mono: successfully reloaded assembly
- Completed reload, in  2.809 seconds
Registering precompiled user dll's ...
Registered in 0.104840 seconds.
Platform modules already initialized, skipping
Begin MonoManager ReloadAssembly
Symbol file LoadedFromMemory doesn't match image D:\UnityProjects\Codename_connect\Library\PackageCache\com.unity.ext.nunit@1.0.0\net35\unity-custom\nunit.framework.dll
Native extension for WindowsStandalone target not found
Refreshing native plugins compatible for Editor in 0.60 ms, found 1 plugins.
Preloading 0 native plugins for Editor in 0.00 ms.
Invoked RoslynAnalysisRunner static constructor.
RoslynAnalysisRunner will not be running.
RoslynAnalysisRunner has terminated.
Mono: successfully reloaded assembly
- Completed reload, in  1.723 seconds
Platform modules already initialized, skipping
Shader 'Universal Render Pipeline/Particles/Lit': fallback shader 'Universal Render Pipeline/Particles/SimpleLit' not found
Refreshing native plugins compatible for Editor in 0.68 ms, found 1 plugins.
Preloading 0 native plugins for Editor in 0.00 ms.
Unloading 17 Unused Serialized files (Serialized files now loaded: 0)
System memory in use before: 66.6 MB.
System memory in use after: 66.8 MB.

Unloading 13 unused Assets to reduce memory usage. Loaded Objects now: 3203.
Total: 3.557468 ms (FindLiveObjects: 0.603071 ms CreateObjectMapping: 0.381313 ms MarkObjects: 2.404199 ms  DeleteObjects: 0.167330 ms)

========================================================================
Received Prepare
Reloading mono domain
Begin MonoManager ReloadAssembly
Registering precompiled unity dll's ...
Register platform support module: D:/Unity/2020.2.0b2/Editor/Data/PlaybackEngines/WindowsStandaloneSupport/UnityEditor.WindowsStandalone.Extensions.dll
Registered in 0.005901 seconds.
Symbol file LoadedFromMemory doesn't match image D:\UnityProjects\Codename_connect\Library\PackageCache\com.unity.ext.nunit@1.0.0\net35\unity-custom\nunit.framework.dll
Native extension for WindowsStandalone target not found
Refreshing native plugins compatible for Editor in 80.90 ms, found 1 plugins.
Preloading 0 native plugins for Editor in 0.00 ms.
Invoked RoslynAnalysisRunner static constructor.
RoslynAnalysisRunner will not be running.
RoslynAnalysisRunner has terminated.
Mono: successfully reloaded assembly
- Completed reload, in  2.531 seconds
Registering precompiled user dll's ...
Registered in 0.160424 seconds.
Platform modules already initialized, skipping
Begin MonoManager ReloadAssembly
Symbol file LoadedFromMemory doesn't match image D:\UnityProjects\Codename_connect\Library\PackageCache\com.unity.ext.nunit@1.0.0\net35\unity-custom\nunit.framework.dll
Native extension for WindowsStandalone target not found
Refreshing native plugins compatible for Editor in 0.64 ms, found 1 plugins.
Preloading 0 native plugins for Editor in 0.00 ms.
Invoked RoslynAnalysisRunner static constructor.
RoslynAnalysisRunner will not be running.
RoslynAnalysisRunner has terminated.
Mono: successfully reloaded assembly
- Completed reload, in  1.741 seconds
Platform modules already initialized, skipping
Shader 'Universal Render Pipeline/Particles/Lit': fallback shader 'Universal Render Pipeline/Particles/SimpleLit' not found
Refreshing native plugins compatible for Editor in 0.67 ms, found 1 plugins.
Preloading 0 native plugins for Editor in 0.00 ms.
Unloading 18 Unused Serialized files (Serialized files now loaded: 0)
System memory in use before: 67.0 MB.
System memory in use after: 67.2 MB.

Unloading 13 unused Assets to reduce memory usage. Loaded Objects now: 3208.
Total: 3.596346 ms (FindLiveObjects: 0.741787 ms CreateObjectMapping: 0.360163 ms MarkObjects: 2.372475 ms  DeleteObjects: 0.120676 ms)

========================================================================
Received Import Request.
  Time since last request: 149.771402 seconds.
  path: Assets/Scripts/Client/World generation/MapTileGenerator.cs
  artifactKey: Guid(51cf4e8d743a39a4297f2921219e12cb) Importer(815301076,1909f56bfc062723c751e8b465ee728b)
Start importing Assets/Scripts/Client/World generation/MapTileGenerator.cs using Guid(51cf4e8d743a39a4297f2921219e12cb) Importer(815301076,1909f56bfc062723c751e8b465ee728b)  -> (artifact id: '2f7f2c4862c5efbb3d1500efcba1b4d7') in 0.014813 seconds
  Import took 0.023185 seconds .

========================================================================
Received Import Request.
  Time since last request: 0.000577 seconds.
  path: Assets/Scripts/Client/World generation/MapGenerator.cs
  artifactKey: Guid(4fad2933ba359a741b269548e7aa00f0) Importer(815301076,1909f56bfc062723c751e8b465ee728b)
Start importing Assets/Scripts/Client/World generation/MapGenerator.cs using Guid(4fad2933ba359a741b269548e7aa00f0) Importer(815301076,1909f56bfc062723c751e8b465ee728b)  -> (artifact id: '736c8e9f624bb8e34f6834c263446e5c') in 0.013597 seconds
  Import took 0.296635 seconds .

========================================================================
Received Import Request.
  Time since last request: 14.957655 seconds.
  path: Assets/Scripts/Client/Helpers/PlacingAccessibilityHandler.cs
  artifactKey: Guid(48ed50b22aa97cd4b9f79f34b717d059) Importer(815301076,1909f56bfc062723c751e8b465ee728b)
Start importing Assets/Scripts/Client/Helpers/PlacingAccessibilityHandler.cs using Guid(48ed50b22aa97cd4b9f79f34b717d059) Importer(815301076,1909f56bfc062723c751e8b465ee728b)  -> (artifact id: '6172a51e6673c9ec84cb993ae46c4465') in 0.114786 seconds
  Import took 0.716201 seconds .

========================================================================
Received Prepare
Reloading mono domain
Begin MonoManager ReloadAssembly
Registering precompiled unity dll's ...
Register platform support module: D:/Unity/2020.2.0b2/Editor/Data/PlaybackEngines/WindowsStandaloneSupport/UnityEditor.WindowsStandalone.Extensions.dll
Registered in 0.009781 seconds.
Symbol file LoadedFromMemory doesn't match image D:\UnityProjects\Codename_connect\Library\PackageCache\com.unity.ext.nunit@1.0.0\net35\unity-custom\nunit.framework.dll
Native extension for WindowsStandalone target not found
Refreshing native plugins compatible for Editor in 78.51 ms, found 1 plugins.
Preloading 0 native plugins for Editor in 0.00 ms.
Invoked RoslynAnalysisRunner static constructor.
RoslynAnalysisRunner will not be running.
RoslynAnalysisRunner has terminated.
Mono: successfully reloaded assembly
- Completed reload, in  1.846 seconds
Registering precompiled user dll's ...
Registered in 0.097760 seconds.
Platform modules already initialized, skipping
Begin MonoManager ReloadAssembly
Symbol file LoadedFromMemory doesn't match image D:\UnityProjects\Codename_connect\Library\PackageCache\com.unity.ext.nunit@1.0.0\net35\unity-custom\nunit.framework.dll
Native extension for WindowsStandalone target not found
Refreshing native plugins compatible for Editor in 0.60 ms, found 1 plugins.
Preloading 0 native plugins for Editor in 0.00 ms.
Invoked RoslynAnalysisRunner static constructor.
RoslynAnalysisRunner will not be running.
RoslynAnalysisRunner has terminated.
Mono: successfully reloaded assembly
- Completed reload, in  2.271 seconds
Platform modules already initialized, skipping
Shader 'Universal Render Pipeline/Particles/Lit': fallback shader 'Universal Render Pipeline/Particles/SimpleLit' not found
Refreshing native plugins compatible for Editor in 0.66 ms, found 1 plugins.
Preloading 0 native plugins for Editor in 0.00 ms.
Unloading 18 Unused Serialized files (Serialized files now loaded: 0)
System memory in use before: 67.2 MB.
System memory in use after: 67.3 MB.

Unloading 13 unused Assets to reduce memory usage. Loaded Objects now: 3213.
Total: 7.201711 ms (FindLiveObjects: 0.682693 ms CreateObjectMapping: 0.404017 ms MarkObjects: 5.979084 ms  DeleteObjects: 0.134050 ms)

========================================================================
Received Prepare
Reloading mono domain
Begin MonoManager ReloadAssembly
Registering precompiled unity dll's ...
Register platform support module: D:/Unity/2020.2.0b2/Editor/Data/PlaybackEngines/WindowsStandaloneSupport/UnityEditor.WindowsStandalone.Extensions.dll
Registered in 0.000946 seconds.
Symbol file LoadedFromMemory doesn't match image D:\UnityProjects\Codename_connect\Library\PackageCache\com.unity.ext.nunit@1.0.0\net35\unity-custom\nunit.framework.dll
Native extension for WindowsStandalone target not found
Refreshing native plugins compatible for Editor in 203.47 ms, found 1 plugins.
Preloading 0 native plugins for Editor in 0.00 ms.
Invoked RoslynAnalysisRunner static constructor.
RoslynAnalysisRunner will not be running.
RoslynAnalysisRunner has terminated.
Mono: successfully reloaded assembly
- Completed reload, in  7.411 seconds
Registering precompiled user dll's ...
Registered in 0.165651 seconds.
Platform modules already initialized, skipping
Begin MonoManager ReloadAssembly
Symbol file LoadedFromMemory doesn't match image D:\UnityProjects\Codename_connect\Library\PackageCache\com.unity.ext.nunit@1.0.0\net35\unity-custom\nunit.framework.dll
Native extension for WindowsStandalone target not found
Refreshing native plugins compatible for Editor in 1.38 ms, found 1 plugins.
Preloading 0 native plugins for Editor in 0.00 ms.
Invoked RoslynAnalysisRunner static constructor.
RoslynAnalysisRunner will not be running.
RoslynAnalysisRunner has terminated.
Mono: successfully reloaded assembly
- Completed reload, in  4.163 seconds
Platform modules already initialized, skipping
Shader 'Universal Render Pipeline/Particles/Lit': fallback shader 'Universal Render Pipeline/Particles/SimpleLit' not found
Refreshing native plugins compatible for Editor in 0.62 ms, found 1 plugins.
Preloading 0 native plugins for Editor in 0.00 ms.
Unloading 18 Unused Serialized files (Serialized files now loaded: 0)
System memory in use before: 67.8 MB.
System memory in use after: 67.9 MB.

Unloading 13 unused Assets to reduce memory usage. Loaded Objects now: 3218.
Total: 6.337693 ms (FindLiveObjects: 0.656878 ms CreateObjectMapping: 2.537005 ms MarkObjects: 3.001672 ms  DeleteObjects: 0.139960 ms)

========================================================================
Received Prepare
Reloading mono domain
Begin MonoManager ReloadAssembly
Registering precompiled unity dll's ...
Register platform support module: D:/Unity/2020.2.0b2/Editor/Data/PlaybackEngines/WindowsStandaloneSupport/UnityEditor.WindowsStandalone.Extensions.dll
Registered in 0.000732 seconds.
Symbol file LoadedFromMemory doesn't match image D:\UnityProjects\Codename_connect\Library\PackageCache\com.unity.ext.nunit@1.0.0\net35\unity-custom\nunit.framework.dll
Native extension for WindowsStandalone target not found
Refreshing native plugins compatible for Editor in 72.24 ms, found 1 plugins.
Preloading 0 native plugins for Editor in 0.00 ms.
Invoked RoslynAnalysisRunner static constructor.
RoslynAnalysisRunner will not be running.
RoslynAnalysisRunner has terminated.
Mono: successfully reloaded assembly
- Completed reload, in  3.441 seconds
Registering precompiled user dll's ...
Registered in 0.093204 seconds.
Platform modules already initialized, skipping
Begin MonoManager ReloadAssembly
Symbol file LoadedFromMemory doesn't match image D:\UnityProjects\Codename_connect\Library\PackageCache\com.unity.ext.nunit@1.0.0\net35\unity-custom\nunit.framework.dll
Native extension for WindowsStandalone target not found
Refreshing native plugins compatible for Editor in 0.63 ms, found 1 plugins.
Preloading 0 native plugins for Editor in 0.00 ms.
Invoked RoslynAnalysisRunner static constructor.
RoslynAnalysisRunner will not be running.
RoslynAnalysisRunner has terminated.
Mono: successfully reloaded assembly
- Completed reload, in  2.225 seconds
Platform modules already initialized, skipping
Shader 'Universal Render Pipeline/Particles/Lit': fallback shader 'Universal Render Pipeline/Particles/SimpleLit' not found
Refreshing native plugins compatible for Editor in 0.67 ms, found 1 plugins.
Preloading 0 native plugins for Editor in 0.00 ms.
Unloading 18 Unused Serialized files (Serialized files now loaded: 0)
System memory in use before: 68.3 MB.
System memory in use after: 68.4 MB.

Unloading 13 unused Assets to reduce memory usage. Loaded Objects now: 3223.
Total: 3.770518 ms (FindLiveObjects: 0.614268 ms CreateObjectMapping: 0.510387 ms MarkObjects: 2.502482 ms  DeleteObjects: 0.141515 ms)

========================================================================
Received Prepare
Reloading mono domain
Begin MonoManager ReloadAssembly
Registering precompiled unity dll's ...
Register platform support module: D:/Unity/2020.2.0b2/Editor/Data/PlaybackEngines/WindowsStandaloneSupport/UnityEditor.WindowsStandalone.Extensions.dll
Registered in 0.000710 seconds.
Symbol file LoadedFromMemory doesn't match image D:\UnityProjects\Codename_connect\Library\PackageCache\com.unity.ext.nunit@1.0.0\net35\unity-custom\nunit.framework.dll
Native extension for WindowsStandalone target not found
Refreshing native plugins compatible for Editor in 706.25 ms, found 1 plugins.
Preloading 0 native plugins for Editor in 0.00 ms.
Invoked RoslynAnalysisRunner static constructor.
RoslynAnalysisRunner will not be running.
RoslynAnalysisRunner has terminated.
Mono: successfully reloaded assembly
- Completed reload, in 19.565 seconds
Registering precompiled user dll's ...
Registered in 0.103319 seconds.
Platform modules already initialized, skipping
Begin MonoManager ReloadAssembly
Symbol file LoadedFromMemory doesn't match image D:\UnityProjects\Codename_connect\Library\PackageCache\com.unity.ext.nunit@1.0.0\net35\unity-custom\nunit.framework.dll
Native extension for WindowsStandalone target not found
Refreshing native plugins compatible for Editor in 0.64 ms, found 1 plugins.
Preloading 0 native plugins for Editor in 0.00 ms.
Invoked RoslynAnalysisRunner static constructor.
RoslynAnalysisRunner will not be running.
RoslynAnalysisRunner has terminated.
Mono: successfully reloaded assembly
- Completed reload, in  2.117 seconds
Platform modules already initialized, skipping
Shader 'Universal Render Pipeline/Particles/Lit': fallback shader 'Universal Render Pipeline/Particles/SimpleLit' not found
Refreshing native plugins compatible for Editor in 0.82 ms, found 1 plugins.
Preloading 0 native plugins for Editor in 0.00 ms.
Unloading 18 Unused Serialized files (Serialized files now loaded: 0)
System memory in use before: 67.7 MB.
System memory in use after: 67.7 MB.

Unloading 13 unused Assets to reduce memory usage. Loaded Objects now: 3228.
Total: 4.554604 ms (FindLiveObjects: 0.803369 ms CreateObjectMapping: 0.327195 ms MarkObjects: 2.669812 ms  DeleteObjects: 0.752362 ms)

========================================================================
Received Prepare
Reloading mono domain
Begin MonoManager ReloadAssembly
Registering precompiled unity dll's ...
Register platform support module: D:/Unity/2020.2.0b2/Editor/Data/PlaybackEngines/WindowsStandaloneSupport/UnityEditor.WindowsStandalone.Extensions.dll
Registered in 0.000735 seconds.
Symbol file LoadedFromMemory doesn't match image D:\UnityProjects\Codename_connect\Library\PackageCache\com.unity.ext.nunit@1.0.0\net35\unity-custom\nunit.framework.dll
Native extension for WindowsStandalone target not found
Refreshing native plugins compatible for Editor in 78.52 ms, found 1 plugins.
Preloading 0 native plugins for Editor in 0.00 ms.
Invoked RoslynAnalysisRunner static constructor.
RoslynAnalysisRunner will not be running.
RoslynAnalysisRunner has terminated.
Mono: successfully reloaded assembly
- Completed reload, in  3.726 seconds
Registering precompiled user dll's ...
Registered in 0.105188 seconds.
Platform modules already initialized, skipping
Begin MonoManager ReloadAssembly
Symbol file LoadedFromMemory doesn't match image D:\UnityProjects\Codename_connect\Library\PackageCache\com.unity.ext.nunit@1.0.0\net35\unity-custom\nunit.framework.dll
Native extension for WindowsStandalone target not found
Refreshing native plugins compatible for Editor in 2.74 ms, found 1 plugins.
Preloading 0 native plugins for Editor in 0.00 ms.
Invoked RoslynAnalysisRunner static constructor.
RoslynAnalysisRunner will not be running.
RoslynAnalysisRunner has terminated.
Mono: successfully reloaded assembly
- Completed reload, in  5.681 seconds
Platform modules already initialized, skipping
Shader 'Universal Render Pipeline/Particles/Lit': fallback shader 'Universal Render Pipeline/Particles/SimpleLit' not found
Refreshing native plugins compatible for Editor in 0.67 ms, found 1 plugins.
Preloading 0 native plugins for Editor in 0.00 ms.
Unloading 18 Unused Serialized files (Serialized files now loaded: 0)
System memory in use before: 68.0 MB.
System memory in use after: 68.2 MB.

Unloading 13 unused Assets to reduce memory usage. Loaded Objects now: 3233.
Total: 4.995633 ms (FindLiveObjects: 2.076693 ms CreateObjectMapping: 0.369494 ms MarkObjects: 2.420994 ms  DeleteObjects: 0.125964 ms)

========================================================================
Received Prepare
Reloading mono domain
Begin MonoManager ReloadAssembly
Registering precompiled unity dll's ...
Register platform support module: D:/Unity/2020.2.0b2/Editor/Data/PlaybackEngines/WindowsStandaloneSupport/UnityEditor.WindowsStandalone.Extensions.dll
Registered in 0.000764 seconds.
Symbol file LoadedFromMemory doesn't match image D:\UnityProjects\Codename_connect\Library\PackageCache\com.unity.ext.nunit@1.0.0\net35\unity-custom\nunit.framework.dll
Native extension for WindowsStandalone target not found
Refreshing native plugins compatible for Editor in 71.47 ms, found 1 plugins.
Preloading 0 native plugins for Editor in 0.00 ms.
Invoked RoslynAnalysisRunner static constructor.
RoslynAnalysisRunner will not be running.
RoslynAnalysisRunner has terminated.
Mono: successfully reloaded assembly
- Completed reload, in  3.226 seconds
Registering precompiled user dll's ...
Registered in 0.098292 seconds.
Platform modules already initialized, skipping
Begin MonoManager ReloadAssembly
Symbol file LoadedFromMemory doesn't match image D:\UnityProjects\Codename_connect\Library\PackageCache\com.unity.ext.nunit@1.0.0\net35\unity-custom\nunit.framework.dll
Native extension for WindowsStandalone target not found
Refreshing native plugins compatible for Editor in 0.62 ms, found 1 plugins.
Preloading 0 native plugins for Editor in 0.00 ms.
Invoked RoslynAnalysisRunner static constructor.
RoslynAnalysisRunner will not be running.
RoslynAnalysisRunner has terminated.
Mono: successfully reloaded assembly
- Completed reload, in  1.932 seconds
Platform modules already initialized, skipping
Shader 'Universal Render Pipeline/Particles/Lit': fallback shader 'Universal Render Pipeline/Particles/SimpleLit' not found
Refreshing native plugins compatible for Editor in 0.68 ms, found 1 plugins.
Preloading 0 native plugins for Editor in 0.00 ms.
Unloading 18 Unused Serialized files (Serialized files now loaded: 0)
System memory in use before: 68.3 MB.
System memory in use after: 68.4 MB.

Unloading 13 unused Assets to reduce memory usage. Loaded Objects now: 3238.
Total: 3.935049 ms (FindLiveObjects: 0.947062 ms CreateObjectMapping: 0.361096 ms MarkObjects: 2.483199 ms  DeleteObjects: 0.142137 ms)

========================================================================
Received Prepare
Reloading mono domain
Begin MonoManager ReloadAssembly
Registering precompiled unity dll's ...
Register platform support module: D:/Unity/2020.2.0b2/Editor/Data/PlaybackEngines/WindowsStandaloneSupport/UnityEditor.WindowsStandalone.Extensions.dll
Registered in 0.000838 seconds.
Symbol file LoadedFromMemory doesn't match image D:\UnityProjects\Codename_connect\Library\PackageCache\com.unity.ext.nunit@1.0.0\net35\unity-custom\nunit.framework.dll
Native extension for WindowsStandalone target not found
Refreshing native plugins compatible for Editor in 112.02 ms, found 1 plugins.
Preloading 0 native plugins for Editor in 0.00 ms.
Invoked RoslynAnalysisRunner static constructor.
RoslynAnalysisRunner will not be running.
RoslynAnalysisRunner has terminated.
Mono: successfully reloaded assembly
- Completed reload, in  2.585 seconds
Registering precompiled user dll's ...
Registered in 0.615938 seconds.
Platform modules already initialized, skipping
Begin MonoManager ReloadAssembly
Symbol file LoadedFromMemory doesn't match image D:\UnityProjects\Codename_connect\Library\PackageCache\com.unity.ext.nunit@1.0.0\net35\unity-custom\nunit.framework.dll
Native extension for WindowsStandalone target not found
Refreshing native plugins compatible for Editor in 0.60 ms, found 1 plugins.
Preloading 0 native plugins for Editor in 0.00 ms.
Invoked RoslynAnalysisRunner static constructor.
RoslynAnalysisRunner will not be running.
RoslynAnalysisRunner has terminated.
Mono: successfully reloaded assembly
- Completed reload, in  2.199 seconds
Platform modules already initialized, skipping
Shader 'Universal Render Pipeline/Particles/Lit': fallback shader 'Universal Render Pipeline/Particles/SimpleLit' not found
Refreshing native plugins compatible for Editor in 0.64 ms, found 1 plugins.
Preloading 0 native plugins for Editor in 0.00 ms.
Unloading 18 Unused Serialized files (Serialized files now loaded: 0)
System memory in use before: 67.8 MB.
System memory in use after: 67.9 MB.

Unloading 13 unused Assets to reduce memory usage. Loaded Objects now: 3243.
Total: 8.015345 ms (FindLiveObjects: 0.613024 ms CreateObjectMapping: 1.246265 ms MarkObjects: 5.938652 ms  DeleteObjects: 0.215849 ms)

========================================================================
Received Prepare
Reloading mono domain
Begin MonoManager ReloadAssembly
Registering precompiled unity dll's ...
Register platform support module: D:/Unity/2020.2.0b2/Editor/Data/PlaybackEngines/WindowsStandaloneSupport/UnityEditor.WindowsStandalone.Extensions.dll
Registered in 0.002689 seconds.
Symbol file LoadedFromMemory doesn't match image D:\UnityProjects\Codename_connect\Library\PackageCache\com.unity.ext.nunit@1.0.0\net35\unity-custom\nunit.framework.dll
Native extension for WindowsStandalone target not found
Refreshing native plugins compatible for Editor in 87.64 ms, found 1 plugins.
Preloading 0 native plugins for Editor in 0.00 ms.
Invoked RoslynAnalysisRunner static constructor.
RoslynAnalysisRunner will not be running.
RoslynAnalysisRunner has terminated.
Mono: successfully reloaded assembly
- Completed reload, in  8.426 seconds
Registering precompiled user dll's ...
Registered in 0.255449 seconds.
Platform modules already initialized, skipping
Begin MonoManager ReloadAssembly
Symbol file LoadedFromMemory doesn't match image D:\UnityProjects\Codename_connect\Library\PackageCache\com.unity.ext.nunit@1.0.0\net35\unity-custom\nunit.framework.dll
Native extension for WindowsStandalone target not found
Refreshing native plugins compatible for Editor in 2.10 ms, found 1 plugins.
Preloading 0 native plugins for Editor in 0.00 ms.
Invoked RoslynAnalysisRunner static constructor.
RoslynAnalysisRunner will not be running.
RoslynAnalysisRunner has terminated.
Mono: successfully reloaded assembly
- Completed reload, in  3.159 seconds
Platform modules already initialized, skipping
Shader 'Universal Render Pipeline/Particles/Lit': fallback shader 'Universal Render Pipeline/Particles/SimpleLit' not found
Refreshing native plugins compatible for Editor in 0.63 ms, found 1 plugins.
Preloading 0 native plugins for Editor in 0.00 ms.
Unloading 18 Unused Serialized files (Serialized files now loaded: 0)
System memory in use before: 68.2 MB.
System memory in use after: 68.3 MB.

Unloading 13 unused Assets to reduce memory usage. Loaded Objects now: 3248.
Total: 8.453574 ms (FindLiveObjects: 0.662788 ms CreateObjectMapping: 0.360163 ms MarkObjects: 7.303104 ms  DeleteObjects: 0.125964 ms)

========================================================================
Received Prepare
Reloading mono domain
Begin MonoManager ReloadAssembly
Registering precompiled unity dll's ...
Register platform support module: D:/Unity/2020.2.0b2/Editor/Data/PlaybackEngines/WindowsStandaloneSupport/UnityEditor.WindowsStandalone.Extensions.dll
Registered in 0.001210 seconds.
Symbol file LoadedFromMemory doesn't match image D:\UnityProjects\Codename_connect\Library\PackageCache\com.unity.ext.nunit@1.0.0\net35\unity-custom\nunit.framework.dll
Native extension for WindowsStandalone target not found
Refreshing native plugins compatible for Editor in 79.26 ms, found 1 plugins.
Preloading 0 native plugins for Editor in 0.00 ms.
Invoked RoslynAnalysisRunner static constructor.
RoslynAnalysisRunner will not be running.
RoslynAnalysisRunner has terminated.
Mono: successfully reloaded assembly
- Completed reload, in  3.879 seconds
Registering precompiled user dll's ...
Registered in 0.134976 seconds.
Platform modules already initialized, skipping
Begin MonoManager ReloadAssembly
Symbol file LoadedFromMemory doesn't match image D:\UnityProjects\Codename_connect\Library\PackageCache\com.unity.ext.nunit@1.0.0\net35\unity-custom\nunit.framework.dll
Native extension for WindowsStandalone target not found
Refreshing native plugins compatible for Editor in 0.64 ms, found 1 plugins.
Preloading 0 native plugins for Editor in 0.00 ms.
Invoked RoslynAnalysisRunner static constructor.
RoslynAnalysisRunner will not be running.
RoslynAnalysisRunner has terminated.
Mono: successfully reloaded assembly
- Completed reload, in  2.715 seconds
Platform modules already initialized, skipping
Shader 'Universal Render Pipeline/Particles/Lit': fallback shader 'Universal Render Pipeline/Particles/SimpleLit' not found
Refreshing native plugins compatible for Editor in 3.21 ms, found 1 plugins.
Preloading 0 native plugins for Editor in 0.00 ms.
Unloading 18 Unused Serialized files (Serialized files now loaded: 0)
System memory in use before: 68.3 MB.
System memory in use after: 68.4 MB.

Unloading 13 unused Assets to reduce memory usage. Loaded Objects now: 3253.
Total: 3.308029 ms (FindLiveObjects: 0.518162 ms CreateObjectMapping: 0.166397 ms MarkObjects: 2.491907 ms  DeleteObjects: 0.130007 ms)

========================================================================
Received Prepare
Reloading mono domain
Begin MonoManager ReloadAssembly
Registering precompiled unity dll's ...
Register platform support module: D:/Unity/2020.2.0b2/Editor/Data/PlaybackEngines/WindowsStandaloneSupport/UnityEditor.WindowsStandalone.Extensions.dll
Registered in 0.000704 seconds.
Symbol file LoadedFromMemory doesn't match image D:\UnityProjects\Codename_connect\Library\PackageCache\com.unity.ext.nunit@1.0.0\net35\unity-custom\nunit.framework.dll
Native extension for WindowsStandalone target not found
Refreshing native plugins compatible for Editor in 74.64 ms, found 1 plugins.
Preloading 0 native plugins for Editor in 0.00 ms.
Invoked RoslynAnalysisRunner static constructor.
RoslynAnalysisRunner will not be running.
RoslynAnalysisRunner has terminated.
Mono: successfully reloaded assembly
- Completed reload, in  2.476 seconds
Registering precompiled user dll's ...
Registered in 0.096936 seconds.
Platform modules already initialized, skipping
Begin MonoManager ReloadAssembly
Symbol file LoadedFromMemory doesn't match image D:\UnityProjects\Codename_connect\Library\PackageCache\com.unity.ext.nunit@1.0.0\net35\unity-custom\nunit.framework.dll
Native extension for WindowsStandalone target not found
Refreshing native plugins compatible for Editor in 0.67 ms, found 1 plugins.
Preloading 0 native plugins for Editor in 0.00 ms.
Invoked RoslynAnalysisRunner static constructor.
RoslynAnalysisRunner will not be running.
RoslynAnalysisRunner has terminated.
Mono: successfully reloaded assembly
- Completed reload, in  2.299 seconds
Platform modules already initialized, skipping
Shader 'Universal Render Pipeline/Particles/Lit': fallback shader 'Universal Render Pipeline/Particles/SimpleLit' not found
Refreshing native plugins compatible for Editor in 0.75 ms, found 1 plugins.
Preloading 0 native plugins for Editor in 0.00 ms.
Unloading 18 Unused Serialized files (Serialized files now loaded: 0)
System memory in use before: 68.0 MB.
System memory in use after: 68.1 MB.

Unloading 13 unused Assets to reduce memory usage. Loaded Objects now: 3258.
Total: 4.730021 ms (FindLiveObjects: 0.696067 ms CreateObjectMapping: 0.371360 ms MarkObjects: 3.492776 ms  DeleteObjects: 0.168263 ms)

========================================================================
Received Prepare
Reloading mono domain
Begin MonoManager ReloadAssembly
Registering precompiled unity dll's ...
Register platform support module: D:/Unity/2020.2.0b2/Editor/Data/PlaybackEngines/WindowsStandaloneSupport/UnityEditor.WindowsStandalone.Extensions.dll
Registered in 0.000726 seconds.
Symbol file LoadedFromMemory doesn't match image D:\UnityProjects\Codename_connect\Library\PackageCache\com.unity.ext.nunit@1.0.0\net35\unity-custom\nunit.framework.dll
Native extension for WindowsStandalone target not found
Refreshing native plugins compatible for Editor in 97.56 ms, found 1 plugins.
Preloading 0 native plugins for Editor in 0.00 ms.
Invoked RoslynAnalysisRunner static constructor.
RoslynAnalysisRunner will not be running.
RoslynAnalysisRunner has terminated.
Mono: successfully reloaded assembly
- Completed reload, in  4.663 seconds
Registering precompiled user dll's ...
Registered in 0.111712 seconds.
Platform modules already initialized, skipping
Begin MonoManager ReloadAssembly
Symbol file LoadedFromMemory doesn't match image D:\UnityProjects\Codename_connect\Library\PackageCache\com.unity.ext.nunit@1.0.0\net35\unity-custom\nunit.framework.dll
Native extension for WindowsStandalone target not found
Refreshing native plugins compatible for Editor in 0.65 ms, found 1 plugins.
Preloading 0 native plugins for Editor in 0.00 ms.
Invoked RoslynAnalysisRunner static constructor.
RoslynAnalysisRunner will not be running.
RoslynAnalysisRunner has terminated.
Mono: successfully reloaded assembly
- Completed reload, in  2.718 seconds
Platform modules already initialized, skipping
Shader 'Universal Render Pipeline/Particles/Lit': fallback shader 'Universal Render Pipeline/Particles/SimpleLit' not found
Refreshing native plugins compatible for Editor in 1.29 ms, found 1 plugins.
Preloading 0 native plugins for Editor in 0.00 ms.
Unloading 18 Unused Serialized files (Serialized files now loaded: 0)
System memory in use before: 68.4 MB.
System memory in use after: 68.5 MB.

Unloading 13 unused Assets to reduce memory usage. Loaded Objects now: 3263.
Total: 3.599767 ms (FindLiveObjects: 0.654390 ms CreateObjectMapping: 0.327195 ms MarkObjects: 2.486309 ms  DeleteObjects: 0.130318 ms)

========================================================================
Received Prepare
Reloading mono domain
Begin MonoManager ReloadAssembly
Registering precompiled unity dll's ...
Register platform support module: D:/Unity/2020.2.0b2/Editor/Data/PlaybackEngines/WindowsStandaloneSupport/UnityEditor.WindowsStandalone.Extensions.dll
Registered in 0.000671 seconds.
Symbol file LoadedFromMemory doesn't match image D:\UnityProjects\Codename_connect\Library\PackageCache\com.unity.ext.nunit@1.0.0\net35\unity-custom\nunit.framework.dll
Native extension for WindowsStandalone target not found
Refreshing native plugins compatible for Editor in 107.59 ms, found 1 plugins.
Preloading 0 native plugins for Editor in 0.00 ms.
Invoked RoslynAnalysisRunner static constructor.
RoslynAnalysisRunner will not be running.
RoslynAnalysisRunner has terminated.
Mono: successfully reloaded assembly
- Completed reload, in  3.172 seconds
Registering precompiled user dll's ...
Registered in 0.098913 seconds.
Platform modules already initialized, skipping
Begin MonoManager ReloadAssembly
Symbol file LoadedFromMemory doesn't match image D:\UnityProjects\Codename_connect\Library\PackageCache\com.unity.ext.nunit@1.0.0\net35\unity-custom\nunit.framework.dll
Native extension for WindowsStandalone target not found
Refreshing native plugins compatible for Editor in 0.77 ms, found 1 plugins.
Preloading 0 native plugins for Editor in 0.00 ms.
Invoked RoslynAnalysisRunner static constructor.
RoslynAnalysisRunner will not be running.
RoslynAnalysisRunner has terminated.
Mono: successfully reloaded assembly
- Completed reload, in  2.498 seconds
Platform modules already initialized, skipping
Shader 'Universal Render Pipeline/Particles/Lit': fallback shader 'Universal Render Pipeline/Particles/SimpleLit' not found
Refreshing native plugins compatible for Editor in 1.14 ms, found 1 plugins.
Preloading 0 native plugins for Editor in 0.00 ms.
Unloading 18 Unused Serialized files (Serialized files now loaded: 0)
System memory in use before: 67.8 MB.
System memory in use after: 67.9 MB.

Unloading 13 unused Assets to reduce memory usage. Loaded Objects now: 3268.
Total: 4.053548 ms (FindLiveObjects: 0.573524 ms CreateObjectMapping: 0.869617 ms MarkObjects: 2.484754 ms  DeleteObjects: 0.123787 ms)

AssetImportWorkerClient::OnTransportError - code=2 error=End of file
